Removed Pin From Net: NetName=NetP2_8 Pin=Q1-2
Removed Pin From Net: NetName=GND Pin=Q1-3
Removed Pin From Net: NetName=NetP2_8 Pin=Q2-2
Removed Pin From Net: NetName=GND Pin=Q2-3
Removed Pin From Net: NetName=NetP2_7 Pin=Q3-2
Removed Pin From Net: NetName=GND Pin=Q3-3
Removed Pin From Net: NetName=NetP2_7 Pin=Q4-2
Removed Pin From Net: NetName=GND Pin=Q4-3
Removed Pin From Net: NetName=NetP2_6 Pin=Q5-2
Removed Pin From Net: NetName=GND Pin=Q5-3
Removed Pin From Net: NetName=NetP2_6 Pin=Q6-2
Removed Pin From Net: NetName=GND Pin=Q6-3
Removed Pin From Net: NetName=NetP2_5 Pin=Q7-2
Removed Pin From Net: NetName=GND Pin=Q7-3
Removed Pin From Net: NetName=NetP2_5 Pin=Q8-2
Removed Pin From Net: NetName=GND Pin=Q8-3
Removed Pin From Net: NetName=NetP2_4 Pin=Q9-2
Removed Pin From Net: NetName=GND Pin=Q9-3
Removed Pin From Net: NetName=NetP2_4 Pin=Q10-2
Removed Pin From Net: NetName=GND Pin=Q10-3
Removed Pin From Net: NetName=NetP2_3 Pin=Q11-2
Removed Pin From Net: NetName=GND Pin=Q11-3
Removed Pin From Net: NetName=NetP2_3 Pin=Q12-2
Removed Pin From Net: NetName=GND Pin=Q12-3
Removed Pin From Net: NetName=NetP2_2 Pin=Q13-2
Removed Pin From Net: NetName=GND Pin=Q13-3
Removed Pin From Net: NetName=NetP2_2 Pin=Q14-2
Removed Pin From Net: NetName=GND Pin=Q14-3
Removed Pin From Net: NetName=NetP2_1 Pin=Q15-2
Removed Pin From Net: NetName=GND Pin=Q15-3
Removed Pin From Net: NetName=NetP2_1 Pin=Q16-2
Removed Pin From Net: NetName=GND Pin=Q16-3
Removed Pin From Net: NetName=5V Pin=U1-10
Removed Pin From Net: NetName=PA5 Pin=U1-11
Removed Pin From Net: NetName=PA6 Pin=U1-12
Removed Pin From Net: NetName=PA7 Pin=U1-14
Removed Pin From Net: NetName=5V Pin=U2-10
Removed Pin From Net: NetName=PA5 Pin=U2-11
Removed Pin From Net: NetName=PA6 Pin=U2-12
Removed Pin From Net: NetName=5V Pin=U3-10
Removed Pin From Net: NetName=PA5 Pin=U3-11
Removed Pin From Net: NetName=PA6 Pin=U3-12
Removed Pin From Net: NetName=5V Pin=U4-10
Removed Pin From Net: NetName=PA5 Pin=U4-11
Removed Pin From Net: NetName=PA6 Pin=U4-12
Removed Pin From Net: NetName=5V Pin=U5-10
Removed Pin From Net: NetName=PA5 Pin=U5-11
Removed Pin From Net: NetName=PA6 Pin=U5-12
Removed Pin From Net: NetName=5V Pin=U6-10
Removed Pin From Net: NetName=PA5 Pin=U6-11
Removed Pin From Net: NetName=PA6 Pin=U6-12
Removed Pin From Net: NetName=5V Pin=U7-10
Removed Pin From Net: NetName=PA5 Pin=U7-11
Removed Pin From Net: NetName=PA6 Pin=U7-12
Removed Pin From Net: NetName=5V Pin=U8-10
Removed Pin From Net: NetName=PA5 Pin=U8-11
Removed Pin From Net: NetName=PA6 Pin=U8-12
Removed Pin From Net: NetName=5V Pin=U9-10
Removed Pin From Net: NetName=PA5 Pin=U9-11
Removed Pin From Net: NetName=PA6 Pin=U9-12
Removed Member From Class: ClassName=schematic_sn74hc595n Member=Q9
Removed Member From Class: ClassName=schematic_sn74hc595n Member=Q10
Removed Member From Class: ClassName=schematic_sn74hc595n Member=Q11
Removed Member From Class: ClassName=schematic_sn74hc595n Member=Q12
Removed Member From Class: ClassName=schematic_sn74hc595n Member=Q13
Removed Member From Class: ClassName=schematic_sn74hc595n Member=Q14
Removed Member From Class: ClassName=schematic_sn74hc595n Member=Q15
Removed Member From Class: ClassName=schematic_sn74hc595n Member=Q16
Change Component Footprint: Designator=Q1 Old Footprint=TO-18 New Footprint=TRANSISTOR-TO220AV-BCE
Change Component Footprint: Designator=Q2 Old Footprint=TO-18 New Footprint=TRANSISTOR-TO220AV-BCE
Change Component Footprint: Designator=Q3 Old Footprint=TO-18 New Footprint=TRANSISTOR-TO220AV-BCE
Change Component Footprint: Designator=Q4 Old Footprint=TO-18 New Footprint=TRANSISTOR-TO220AV-BCE
Change Component Footprint: Designator=Q5 Old Footprint=TO-18 New Footprint=TRANSISTOR-TO220AV-BCE
Change Component Footprint: Designator=Q6 Old Footprint=TO-18 New Footprint=TRANSISTOR-TO220AV-BCE
Change Component Footprint: Designator=Q7 Old Footprint=TO-18 New Footprint=TRANSISTOR-TO220AV-BCE
Change Component Footprint: Designator=Q8 Old Footprint=TO-18 New Footprint=TRANSISTOR-TO220AV-BCE
Change Component Comment : Designator=Q1 Old Comment=2N2222A New Comment=TIP41
Change Component Comment : Designator=Q2 Old Comment=2N2222A New Comment=TIP41
Change Component Comment : Designator=Q3 Old Comment=2N2222A New Comment=TIP41
Change Component Comment : Designator=Q4 Old Comment=2N2222A New Comment=TIP41
Change Component Comment : Designator=Q5 Old Comment=2N2222A New Comment=TIP41
Change Component Comment : Designator=Q6 Old Comment=2N2222A New Comment=TIP41
Change Component Comment : Designator=Q7 Old Comment=2N2222A New Comment=TIP41
Change Component Comment : Designator=Q8 Old Comment=2N2222A New Comment=TIP41
Change component parameters: Designator = "Q1"; Footprint = "TRANSISTOR-TO220AV-BCE"; UniqueID = "\EJOELKST"
Change component parameters. Clean all parameters for all variants
Change component parameters (AddParameter): Name = "Availability"; Value = "Unavailable"; VariantName = "[No Variations]"
Change component parameters (AddParameter): Name = "MF"; Value = "ON Semiconductor"; VariantName = "[No Variations]"
Change component parameters (AddParameter): Name = "MP"; Value = "TIP41"; VariantName = "[No Variations]"
Change component parameters (AddParameter): Name = "Package"; Value = "None"; VariantName = "[No Variations]"
Change component parameters (AddParameter): Name = "Price"; Value = "None"; VariantName = "[No Variations]"
Change component parameters (AddParameter): Name = "SnapEDA_Link"; Value = "https://www.snapeda.com/parts/TIP41/ON%20Semiconductor/view-part/4725228/?ref=snap"; VariantName = "[No Variations]"
Change component parameters (AddParameter): Name = "Value"; Value = ""; VariantName = "[No Variations]"
Change component parameters: Designator = "Q2"; Footprint = "TRANSISTOR-TO220AV-BCE"; UniqueID = "\LLQJYVEC"
Change component parameters. Clean all parameters for all variants
Change component parameters (AddParameter): Name = "Availability"; Value = "Unavailable"; VariantName = "[No Variations]"
Change component parameters (AddParameter): Name = "MF"; Value = "ON Semiconductor"; VariantName = "[No Variations]"
Change component parameters (AddParameter): Name = "MP"; Value = "TIP41"; VariantName = "[No Variations]"
Change component parameters (AddParameter): Name = "Package"; Value = "None"; VariantName = "[No Variations]"
Change component parameters (AddParameter): Name = "Price"; Value = "None"; VariantName = "[No Variations]"
Change component parameters (AddParameter): Name = "SnapEDA_Link"; Value = "https://www.snapeda.com/parts/TIP41/ON%20Semiconductor/view-part/4725228/?ref=snap"; VariantName = "[No Variations]"
Change component parameters (AddParameter): Name = "Value"; Value = ""; VariantName = "[No Variations]"
Change component parameters: Designator = "Q3"; Footprint = "TRANSISTOR-TO220AV-BCE"; UniqueID = "\GOPXFFOG"
Change component parameters. Clean all parameters for all variants
Change component parameters (AddParameter): Name = "Availability"; Value = "Unavailable"; VariantName = "[No Variations]"
Change component parameters (AddParameter): Name = "MF"; Value = "ON Semiconductor"; VariantName = "[No Variations]"
Change component parameters (AddParameter): Name = "MP"; Value = "TIP41"; VariantName = "[No Variations]"
Change component parameters (AddParameter): Name = "Package"; Value = "None"; VariantName = "[No Variations]"
Change component parameters (AddParameter): Name = "Price"; Value = "None"; VariantName = "[No Variations]"
Change component parameters (AddParameter): Name = "SnapEDA_Link"; Value = "https://www.snapeda.com/parts/TIP41/ON%20Semiconductor/view-part/4725228/?ref=snap"; VariantName = "[No Variations]"
Change component parameters (AddParameter): Name = "Value"; Value = ""; VariantName = "[No Variations]"
Change component parameters: Designator = "Q4"; Footprint = "TRANSISTOR-TO220AV-BCE"; UniqueID = "\FOOFXUAV"
Change component parameters. Clean all parameters for all variants
Change component parameters (AddParameter): Name = "Availability"; Value = "Unavailable"; VariantName = "[No Variations]"
Change component parameters (AddParameter): Name = "MF"; Value = "ON Semiconductor"; VariantName = "[No Variations]"
Change component parameters (AddParameter): Name = "MP"; Value = "TIP41"; VariantName = "[No Variations]"
Change component parameters (AddParameter): Name = "Package"; Value = "None"; VariantName = "[No Variations]"
Change component parameters (AddParameter): Name = "Price"; Value = "None"; VariantName = "[No Variations]"
Change component parameters (AddParameter): Name = "SnapEDA_Link"; Value = "https://www.snapeda.com/parts/TIP41/ON%20Semiconductor/view-part/4725228/?ref=snap"; VariantName = "[No Variations]"
Change component parameters (AddParameter): Name = "Value"; Value = ""; VariantName = "[No Variations]"
Change component parameters: Designator = "Q5"; Footprint = "TRANSISTOR-TO220AV-BCE"; UniqueID = "\DKCAYFTU"
Change component parameters. Clean all parameters for all variants
Change component parameters (AddParameter): Name = "Availability"; Value = "Unavailable"; VariantName = "[No Variations]"
Change component parameters (AddParameter): Name = "MF"; Value = "ON Semiconductor"; VariantName = "[No Variations]"
Change component parameters (AddParameter): Name = "MP"; Value = "TIP41"; VariantName = "[No Variations]"
Change component parameters (AddParameter): Name = "Package"; Value = "None"; VariantName = "[No Variations]"
Change component parameters (AddParameter): Name = "Price"; Value = "None"; VariantName = "[No Variations]"
Change component parameters (AddParameter): Name = "SnapEDA_Link"; Value = "https://www.snapeda.com/parts/TIP41/ON%20Semiconductor/view-part/4725228/?ref=snap"; VariantName = "[No Variations]"
Change component parameters (AddParameter): Name = "Value"; Value = ""; VariantName = "[No Variations]"
Change component parameters: Designator = "Q6"; Footprint = "TRANSISTOR-TO220AV-BCE"; UniqueID = "\MNVGTJCL"
Change component parameters. Clean all parameters for all variants
Change component parameters (AddParameter): Name = "Availability"; Value = "Unavailable"; VariantName = "[No Variations]"
Change component parameters (AddParameter): Name = "MF"; Value = "ON Semiconductor"; VariantName = "[No Variations]"
Change component parameters (AddParameter): Name = "MP"; Value = "TIP41"; VariantName = "[No Variations]"
Change component parameters (AddParameter): Name = "Package"; Value = "None"; VariantName = "[No Variations]"
Change component parameters (AddParameter): Name = "Price"; Value = "None"; VariantName = "[No Variations]"
Change component parameters (AddParameter): Name = "SnapEDA_Link"; Value = "https://www.snapeda.com/parts/TIP41/ON%20Semiconductor/view-part/4725228/?ref=snap"; VariantName = "[No Variations]"
Change component parameters (AddParameter): Name = "Value"; Value = ""; VariantName = "[No Variations]"
Change component parameters: Designator = "Q7"; Footprint = "TRANSISTOR-TO220AV-BCE"; UniqueID = "\IQSWTUPH"
Change component parameters. Clean all parameters for all variants
Change component parameters (AddParameter): Name = "Availability"; Value = "Unavailable"; VariantName = "[No Variations]"
Change component parameters (AddParameter): Name = "MF"; Value = "ON Semiconductor"; VariantName = "[No Variations]"
Change component parameters (AddParameter): Name = "MP"; Value = "TIP41"; VariantName = "[No Variations]"
Change component parameters (AddParameter): Name = "Package"; Value = "None"; VariantName = "[No Variations]"
Change component parameters (AddParameter): Name = "Price"; Value = "None"; VariantName = "[No Variations]"
Change component parameters (AddParameter): Name = "SnapEDA_Link"; Value = "https://www.snapeda.com/parts/TIP41/ON%20Semiconductor/view-part/4725228/?ref=snap"; VariantName = "[No Variations]"
Change component parameters (AddParameter): Name = "Value"; Value = ""; VariantName = "[No Variations]"
Change component parameters: Designator = "Q8"; Footprint = "TRANSISTOR-TO220AV-BCE"; UniqueID = "\IQFJJGXC"
Change component parameters. Clean all parameters for all variants
Change component parameters (AddParameter): Name = "Availability"; Value = "Unavailable"; VariantName = "[No Variations]"
Change component parameters (AddParameter): Name = "MF"; Value = "ON Semiconductor"; VariantName = "[No Variations]"
Change component parameters (AddParameter): Name = "MP"; Value = "TIP41"; VariantName = "[No Variations]"
Change component parameters (AddParameter): Name = "Package"; Value = "None"; VariantName = "[No Variations]"
Change component parameters (AddParameter): Name = "Price"; Value = "None"; VariantName = "[No Variations]"
Change component parameters (AddParameter): Name = "SnapEDA_Link"; Value = "https://www.snapeda.com/parts/TIP41/ON%20Semiconductor/view-part/4725228/?ref=snap"; VariantName = "[No Variations]"
Change component parameters (AddParameter): Name = "Value"; Value = ""; VariantName = "[No Variations]"
Added Component: Designator=*1(DIP2)
Add component. Clean all parameters for all variants
Added Component: Designator=*2(DIP2)
Add component. Clean all parameters for all variants
Added Component: Designator=*3(DIP2)
Add component. Clean all parameters for all variants
Added Component: Designator=*4(DIP2)
Add component. Clean all parameters for all variants
Added Component: Designator=*5(DIP2)
Add component. Clean all parameters for all variants
Added Component: Designator=*6(DIP2)
Add component. Clean all parameters for all variants
Added Component: Designator=*7(DIP2)
Add component. Clean all parameters for all variants
Added Component: Designator=*8(DIP2)
Add component. Clean all parameters for all variants
Added Component: Designator=*9(DIP2)
Add component. Clean all parameters for all variants
Added Component: Designator=*10(DIP2)
Add component. Clean all parameters for all variants
Added Component: Designator=*11(DIP2)
Add component. Clean all parameters for all variants
Added Component: Designator=*12(DIP2)
Add component. Clean all parameters for all variants
Added Component: Designator=*13(DIP2)
Add component. Clean all parameters for all variants
Added Component: Designator=*14(DIP2)
Add component. Clean all parameters for all variants
Added Component: Designator=*15(DIP2)
Add component. Clean all parameters for all variants
Added Component: Designator=*16(DIP2)
Add component. Clean all parameters for all variants
Added Component: Designator=*17(DIP2)
Add component. Clean all parameters for all variants
Added Component: Designator=*18(DIP2)
Add component. Clean all parameters for all variants
Added Component: Designator=*19(DIP2)
Add component. Clean all parameters for all variants
Added Component: Designator=*20(DIP2)
Add component. Clean all parameters for all variants
Added Component: Designator=*21(DIP2)
Add component. Clean all parameters for all variants
Added Component: Designator=*22(DIP2)
Add component. Clean all parameters for all variants
Added Component: Designator=*23(DIP2)
Add component. Clean all parameters for all variants
Added Component: Designator=*24(DIP2)
Add component. Clean all parameters for all variants
Added Component: Designator=*25(DIP2)
Add component. Clean all parameters for all variants
Added Component: Designator=*26(DIP2)
Add component. Clean all parameters for all variants
Added Component: Designator=*27(DIP2)
Add component. Clean all parameters for all variants
Added Component: Designator=*28(DIP2)
Add component. Clean all parameters for all variants
Added Component: Designator=*29(DIP2)
Add component. Clean all parameters for all variants
Added Component: Designator=*30(DIP2)
Add component. Clean all parameters for all variants
Added Component: Designator=*31(DIP2)
Add component. Clean all parameters for all variants
Added Component: Designator=*32(DIP2)
Add component. Clean all parameters for all variants
Added Component: Designator=*33(DIP2)
Add component. Clean all parameters for all variants
Added Component: Designator=*34(DIP2)
Add component. Clean all parameters for all variants
Added Component: Designator=*35(DIP2)
Add component. Clean all parameters for all variants
Added Component: Designator=*36(DIP2)
Add component. Clean all parameters for all variants
Added Component: Designator=P12(JP2)
Add component. Clean all parameters for all variants
Add component (AddParameter): Name = "LatestRevisionDate"; Value = "17-Jul-2002"; VariantName = "[No Variations]"
Add component (AddParameter): Name = "LatestRevisionNote"; Value = "Re-released for DXP Platform."; VariantName = "[No Variations]"
Add component (AddParameter): Name = "Publisher"; Value = "Altium Limited"; VariantName = "[No Variations]"
Added Component: Designator=P13(JP2)
Add component. Clean all parameters for all variants
Add component (AddParameter): Name = "LatestRevisionDate"; Value = "17-Jul-2002"; VariantName = "[No Variations]"
Add component (AddParameter): Name = "LatestRevisionNote"; Value = "Re-released for DXP Platform."; VariantName = "[No Variations]"
Add component (AddParameter): Name = "Publisher"; Value = "Altium Limited"; VariantName = "[No Variations]"
Added Pin To Net: NetName=PA6 Pin=*1-1
Added Pin To Net: NetName=5V Pin=*2-1
Added Pin To Net: NetName=PA5 Pin=*3-1
Added Pin To Net: NetName=PA7 Pin=*4-1
Added Pin To Net: NetName=PA6 Pin=*5-1
Added Pin To Net: NetName=5V Pin=*7-1
Added Pin To Net: NetName=PA5 Pin=*8-1
Added Pin To Net: NetName=PA5 Pin=*9-1
Added Pin To Net: NetName=5V Pin=*10-1
Added Pin To Net: NetName=PA6 Pin=*12-1
Added Pin To Net: NetName=PA6 Pin=*13-1
Added Pin To Net: NetName=PA6 Pin=*14-1
Added Pin To Net: NetName=5V Pin=*15-1
Added Pin To Net: NetName=5V Pin=*16-1
Added Pin To Net: NetName=PA5 Pin=*17-1
Added Pin To Net: NetName=PA5 Pin=*18-1
Added Pin To Net: NetName=PA6 Pin=*21-1
Added Pin To Net: NetName=PA6 Pin=*22-1
Added Pin To Net: NetName=5V Pin=*23-1
Added Pin To Net: NetName=5V Pin=*24-1
Added Pin To Net: NetName=PA5 Pin=*25-1
Added Pin To Net: NetName=PA5 Pin=*26-1
Added Pin To Net: NetName=PA6 Pin=*29-1
Added Pin To Net: NetName=PA6 Pin=*30-1
Added Pin To Net: NetName=5V Pin=*31-1
Added Pin To Net: NetName=5V Pin=*32-1
Added Pin To Net: NetName=PA5 Pin=*33-1
Added Pin To Net: NetName=PA5 Pin=*34-1
Added Pin To Net: NetName=GND Pin=P12-1
Added Pin To Net: NetName=GND Pin=Q1-C
Added Pin To Net: NetName=NetP2_8 Pin=Q1-E
Added Pin To Net: NetName=GND Pin=Q2-C
Added Pin To Net: NetName=NetP2_7 Pin=Q2-E
Added Pin To Net: NetName=GND Pin=Q3-C
Added Pin To Net: NetName=NetP2_6 Pin=Q3-E
Added Pin To Net: NetName=GND Pin=Q4-C
Added Pin To Net: NetName=NetP2_5 Pin=Q4-E
Added Pin To Net: NetName=GND Pin=Q5-C
Added Pin To Net: NetName=NetP2_4 Pin=Q5-E
Added Pin To Net: NetName=GND Pin=Q6-C
Added Pin To Net: NetName=NetP2_3 Pin=Q6-E
Added Pin To Net: NetName=GND Pin=Q7-C
Added Pin To Net: NetName=NetP2_2 Pin=Q7-E
Added Pin To Net: NetName=GND Pin=Q8-C
Added Pin To Net: NetName=NetP2_1 Pin=Q8-E
Added Pin To Net: NetName=Net*1_2 Pin=*1-2
Added Pin To Net: NetName=Net*1_2 Pin=U1-12
Added Net: Name=Net*1_2
Added Pin To Net: NetName=Net*2_2 Pin=*2-2
Added Pin To Net: NetName=Net*2_2 Pin=U1-10
Added Net: Name=Net*2_2
Added Pin To Net: NetName=Net*3_2 Pin=*3-2
Added Pin To Net: NetName=Net*3_2 Pin=U1-11
Added Net: Name=Net*3_2
Added Pin To Net: NetName=Net*4_2 Pin=*4-2
Added Pin To Net: NetName=Net*4_2 Pin=U1-14
Added Net: Name=Net*4_2
Added Pin To Net: NetName=Net*5_2 Pin=*5-2
Added Pin To Net: NetName=Net*5_2 Pin=U3-12
Added Net: Name=Net*5_2
Added Pin To Net: NetName=Net*6_1 Pin=*6-1
Added Pin To Net: NetName=Net*6_1 Pin=U4-9
Added Net: Name=Net*6_1
Added Pin To Net: NetName=Net*6_2 Pin=*6-2
Added Pin To Net: NetName=Net*6_2 Pin=U2-14
Added Net: Name=Net*6_2
Added Pin To Net: NetName=Net*7_2 Pin=*7-2
Added Pin To Net: NetName=Net*7_2 Pin=U3-10
Added Net: Name=Net*7_2
Added Pin To Net: NetName=Net*8_2 Pin=*8-2
Added Pin To Net: NetName=Net*8_2 Pin=U3-11
Added Net: Name=Net*8_2
Added Pin To Net: NetName=Net*9_2 Pin=*9-2
Added Pin To Net: NetName=Net*9_2 Pin=U2-11
Added Net: Name=Net*9_2
Added Pin To Net: NetName=Net*10_2 Pin=*10-2
Added Pin To Net: NetName=Net*10_2 Pin=U2-10
Added Net: Name=Net*10_2
Added Pin To Net: NetName=Net*11_1 Pin=*11-1
Added Pin To Net: NetName=Net*11_1 Pin=U1-9
Added Net: Name=Net*11_1
Added Pin To Net: NetName=Net*11_2 Pin=*11-2
Added Pin To Net: NetName=Net*11_2 Pin=U3-14
Added Net: Name=Net*11_2
Added Pin To Net: NetName=Net*12_2 Pin=*12-2
Added Pin To Net: NetName=Net*12_2 Pin=U2-12
Added Net: Name=Net*12_2
Added Pin To Net: NetName=Net*13_2 Pin=*13-2
Added Pin To Net: NetName=Net*13_2 Pin=U4-12
Added Net: Name=Net*13_2
Added Pin To Net: NetName=Net*14_2 Pin=*14-2
Added Pin To Net: NetName=Net*14_2 Pin=U5-12
Added Net: Name=Net*14_2
Added Pin To Net: NetName=Net*15_2 Pin=*15-2
Added Pin To Net: NetName=Net*15_2 Pin=U4-10
Added Net: Name=Net*15_2
Added Pin To Net: NetName=Net*16_2 Pin=*16-2
Added Pin To Net: NetName=Net*16_2 Pin=U5-10
Added Net: Name=Net*16_2
Added Pin To Net: NetName=Net*17_2 Pin=*17-2
Added Pin To Net: NetName=Net*17_2 Pin=U4-11
Added Net: Name=Net*17_2
Added Pin To Net: NetName=Net*18_2 Pin=*18-2
Added Pin To Net: NetName=Net*18_2 Pin=U5-11
Added Net: Name=Net*18_2
Added Pin To Net: NetName=Net*19_1 Pin=*19-1
Added Pin To Net: NetName=Net*19_1 Pin=U6-9
Added Net: Name=Net*19_1
Added Pin To Net: NetName=Net*19_2 Pin=*19-2
Added Pin To Net: NetName=Net*19_2 Pin=U4-14
Added Net: Name=Net*19_2
Added Pin To Net: NetName=Net*20_1 Pin=*20-1
Added Pin To Net: NetName=Net*20_1 Pin=U3-9
Added Net: Name=Net*20_1
Added Pin To Net: NetName=Net*20_2 Pin=*20-2
Added Pin To Net: NetName=Net*20_2 Pin=U5-14
Added Net: Name=Net*20_2
Added Pin To Net: NetName=Net*21_2 Pin=*21-2
Added Pin To Net: NetName=Net*21_2 Pin=U6-12
Added Net: Name=Net*21_2
Added Pin To Net: NetName=Net*22_2 Pin=*22-2
Added Pin To Net: NetName=Net*22_2 Pin=U7-12
Added Net: Name=Net*22_2
Added Pin To Net: NetName=Net*23_2 Pin=*23-2
Added Pin To Net: NetName=Net*23_2 Pin=U6-10
Added Net: Name=Net*23_2
Added Pin To Net: NetName=Net*24_2 Pin=*24-2
Added Pin To Net: NetName=Net*24_2 Pin=U7-10
Added Net: Name=Net*24_2
Added Pin To Net: NetName=Net*25_2 Pin=*25-2
Added Pin To Net: NetName=Net*25_2 Pin=U6-11
Added Net: Name=Net*25_2
Added Pin To Net: NetName=Net*26_2 Pin=*26-2
Added Pin To Net: NetName=Net*26_2 Pin=U7-11
Added Net: Name=Net*26_2
Added Pin To Net: NetName=Net*27_1 Pin=*27-1
Added Pin To Net: NetName=Net*27_1 Pin=U8-9
Added Net: Name=Net*27_1
Added Pin To Net: NetName=Net*27_2 Pin=*27-2
Added Pin To Net: NetName=Net*27_2 Pin=U6-14
Added Net: Name=Net*27_2
Added Pin To Net: NetName=Net*28_1 Pin=*28-1
Added Pin To Net: NetName=Net*28_1 Pin=U5-9
Added Net: Name=Net*28_1
Added Pin To Net: NetName=Net*28_2 Pin=*28-2
Added Pin To Net: NetName=Net*28_2 Pin=U7-14
Added Net: Name=Net*28_2
Added Pin To Net: NetName=Net*29_2 Pin=*29-2
Added Pin To Net: NetName=Net*29_2 Pin=U8-12
Added Net: Name=Net*29_2
Added Pin To Net: NetName=Net*30_2 Pin=*30-2
Added Pin To Net: NetName=Net*30_2 Pin=U9-12
Added Net: Name=Net*30_2
Added Pin To Net: NetName=Net*31_2 Pin=*31-2
Added Pin To Net: NetName=Net*31_2 Pin=U8-10
Added Net: Name=Net*31_2
Added Pin To Net: NetName=Net*32_2 Pin=*32-2
Added Pin To Net: NetName=Net*32_2 Pin=U9-10
Added Net: Name=Net*32_2
Added Pin To Net: NetName=Net*33_2 Pin=*33-2
Added Pin To Net: NetName=Net*33_2 Pin=U8-11
Added Net: Name=Net*33_2
Added Pin To Net: NetName=Net*34_2 Pin=*34-2
Added Pin To Net: NetName=Net*34_2 Pin=U9-11
Added Net: Name=Net*34_2
Added Pin To Net: NetName=Net*35_1 Pin=*35-1
Added Pin To Net: NetName=Net*35_1 Pin=U9-9
Added Net: Name=Net*35_1
Added Pin To Net: NetName=Net*35_2 Pin=*35-2
Added Pin To Net: NetName=Net*35_2 Pin=U8-14
Added Net: Name=Net*35_2
Added Pin To Net: NetName=Net*36_1 Pin=*36-1
Added Pin To Net: NetName=Net*36_1 Pin=U7-9
Added Net: Name=Net*36_1
Added Pin To Net: NetName=Net*36_2 Pin=*36-2
Added Pin To Net: NetName=Net*36_2 Pin=U9-14
Added Net: Name=Net*36_2
Added Pin To Net: NetName=NetQ1_B Pin=Q1-B
Added Pin To Net: NetName=NetQ1_B Pin=U2-7
Added Net: Name=NetQ1_B
Added Pin To Net: NetName=NetQ2_B Pin=Q2-B
Added Pin To Net: NetName=NetQ2_B Pin=U2-6
Added Net: Name=NetQ2_B
Added Pin To Net: NetName=NetQ3_B Pin=Q3-B
Added Pin To Net: NetName=NetQ3_B Pin=U2-5
Added Net: Name=NetQ3_B
Added Pin To Net: NetName=NetQ4_B Pin=Q4-B
Added Pin To Net: NetName=NetQ4_B Pin=U2-4
Added Net: Name=NetQ4_B
Added Pin To Net: NetName=NetQ5_B Pin=Q5-B
Added Pin To Net: NetName=NetQ5_B Pin=U2-3
Added Net: Name=NetQ5_B
Added Pin To Net: NetName=NetQ6_B Pin=Q6-B
Added Pin To Net: NetName=NetQ6_B Pin=U2-2
Added Net: Name=NetQ6_B
Added Pin To Net: NetName=NetQ7_B Pin=Q7-B
Added Pin To Net: NetName=NetQ7_B Pin=U2-1
Added Net: Name=NetQ7_B
Added Pin To Net: NetName=NetQ8_B Pin=Q8-B
Added Pin To Net: NetName=NetQ8_B Pin=U2-15
Added Net: Name=NetQ8_B
Added Pin To Net: NetName=PA1/BUTTON Pin=P8-5
Added Pin To Net: NetName=PA1/BUTTON Pin=P12-2
Added Net: Name=PA1/BUTTON
Added Pin To Net: NetName=PA9/TX Pin=P9-7
Added Pin To Net: NetName=PA9/TX Pin=P13-1
Added Net: Name=PA9/TX
Added Pin To Net: NetName=PA10/RX Pin=P9-8
Added Pin To Net: NetName=PA10/RX Pin=P13-2
Added Net: Name=PA10/RX
Added Member To Class: ClassName=schematic_sn74hc595n Member=Component *1 JUMPER
Added Member To Class: ClassName=schematic_sn74hc595n Member=Component *2 JUMPER
Added Member To Class: ClassName=schematic_sn74hc595n Member=Component *3 JUMPER
Added Member To Class: ClassName=schematic_sn74hc595n Member=Component *4 JUMPER
Added Member To Class: ClassName=schematic_sn74hc595n Member=Component *5 JUMPER
Added Member To Class: ClassName=schematic_sn74hc595n Member=Component *6 JUMPER
Added Member To Class: ClassName=schematic_sn74hc595n Member=Component *7 JUMPER
Added Member To Class: ClassName=schematic_sn74hc595n Member=Component *8 JUMPER
Added Member To Class: ClassName=schematic_sn74hc595n Member=Component *9 JUMPER
Added Member To Class: ClassName=schematic_sn74hc595n Member=Component *10 JUMPER
Added Member To Class: ClassName=schematic_sn74hc595n Member=Component *11 JUMPER
Added Member To Class: ClassName=schematic_sn74hc595n Member=Component *12 JUMPER
Added Member To Class: ClassName=schematic_sn74hc595n Member=Component *13 JUMPER
Added Member To Class: ClassName=schematic_sn74hc595n Member=Component *14 JUMPER
Added Member To Class: ClassName=schematic_sn74hc595n Member=Component *15 JUMPER
Added Member To Class: ClassName=schematic_sn74hc595n Member=Component *16 JUMPER
Added Member To Class: ClassName=schematic_sn74hc595n Member=Component *17 JUMPER
Added Member To Class: ClassName=schematic_sn74hc595n Member=Component *18 JUMPER
Added Member To Class: ClassName=schematic_sn74hc595n Member=Component *19 JUMPER
Added Member To Class: ClassName=schematic_sn74hc595n Member=Component *20 JUMPER
Added Member To Class: ClassName=schematic_sn74hc595n Member=Component *21 JUMPER
Added Member To Class: ClassName=schematic_sn74hc595n Member=Component *22 JUMPER
Added Member To Class: ClassName=schematic_sn74hc595n Member=Component *23 JUMPER
Added Member To Class: ClassName=schematic_sn74hc595n Member=Component *24 JUMPER
Added Member To Class: ClassName=schematic_sn74hc595n Member=Component *25 JUMPER
Added Member To Class: ClassName=schematic_sn74hc595n Member=Component *26 JUMPER
Added Member To Class: ClassName=schematic_sn74hc595n Member=Component *27 JUMPER
Added Member To Class: ClassName=schematic_sn74hc595n Member=Component *28 JUMPER
Added Member To Class: ClassName=schematic_sn74hc595n Member=Component *29 JUMPER
Added Member To Class: ClassName=schematic_sn74hc595n Member=Component *30 JUMPER
Added Member To Class: ClassName=schematic_sn74hc595n Member=Component *31 JUMPER
Added Member To Class: ClassName=schematic_sn74hc595n Member=Component *32 JUMPER
Added Member To Class: ClassName=schematic_sn74hc595n Member=Component *33 JUMPER
Added Member To Class: ClassName=schematic_sn74hc595n Member=Component *34 JUMPER
Added Member To Class: ClassName=schematic_sn74hc595n Member=Component *35 JUMPER
Added Member To Class: ClassName=schematic_sn74hc595n Member=Component *36 JUMPER
Added Member To Class: ClassName=schematic_sn74hc595n Member=Component P12 Header 2
Added Member To Class: ClassName=schematic_sn74hc595n Member=Component P13 Header 2
Added Room: Name=schematic_sn74hc595n
